[     294ms] [LOG] getToken()------ eyJhbGciOiJIUzI1NiIsInR5cCI6IkpXVCJ9.eyJhcHAiOm51bGwsInVzZXJfbmFtZSI6IjEzNjIyMDM0MTg2OjE6dHNfcGxhdGZvcm0iLCJtb2JpbGUiOiIxMzYyMjAzNDE4NiIsInNvdXJjZSI6IjUwIiwidXNlcklkIjoiZGU2MWIyNTA4OWFjOWQ1NDhlOGFiYjY5ZDZlZDc3YmYiLCJwbGF0Zm9ybSI6InRzX3BsYXRmb3JtIiwiY2xpZW50X2lkIjoidG9qb3kiLCJzY29wZSI6WyJhbGwiXSwibmFtZSI6ImxpdXRvbmcxMCIsImNsaWVudCI6IjEiLCJleHAiOjE3ODI5NTc0MTgsImp0aSI6ImFlYjM1MDdlLTc3NzgtNGMzMC1iZjFlLWEwMTNlNDQzMzQ5MCIsImFjY291bnQiOiJsaXV0b25nMTAiLCJ1c2VybmFtZSI6IjEzNjIyMDM0MTg2OjE6dHNfcGxhdGZvcm0ifQ.64Syxomnph6YxLlPOvIt0duQjAJOFdO94JkzkV0ZVzw @ https://test-admin.aitojoy.com/assets/index-DMj-PgM1.js:296
[     294ms] [LOG] router.beforeEach, 有token @ https://test-admin.aitojoy.com/assets/index-DMj-PgM1.js:296
[     294ms] [LOG] has token else---- @ https://test-admin.aitojoy.com/assets/index-DMj-PgM1.js:296
[    1260ms] [LOG] [Object, Object, Object, Object, Object, Object, Object, Object, Object, Object, Object, Object, Object, Object, Object, Object, Object, Object, Object, Object, Object, Object, Object, Object, Object, Object, Object, Object, Object, Object, Object, Object, Object, Object, Object, Object, Object, Object, Object, Object, Object, Object, Object, Object, Object, Object, Object, Object, Object, Object, Object, Object, Object, Object, Object, Object, Object, Object, Object, Object, Object, Object, Object, Object, Object, Object, Object, Object] asdkfjsdklfj @ https://test-admin.aitojoy.com/assets/index-DMj-PgM1.js:296
[    1263ms] [LOG] getToken()------ eyJhbGciOiJIUzI1NiIsInR5cCI6IkpXVCJ9.eyJhcHAiOm51bGwsInVzZXJfbmFtZSI6IjEzNjIyMDM0MTg2OjE6dHNfcGxhdGZvcm0iLCJtb2JpbGUiOiIxMzYyMjAzNDE4NiIsInNvdXJjZSI6IjUwIiwidXNlcklkIjoiZGU2MWIyNTA4OWFjOWQ1NDhlOGFiYjY5ZDZlZDc3YmYiLCJwbGF0Zm9ybSI6InRzX3BsYXRmb3JtIiwiY2xpZW50X2lkIjoidG9qb3kiLCJzY29wZSI6WyJhbGwiXSwibmFtZSI6ImxpdXRvbmcxMCIsImNsaWVudCI6IjEiLCJleHAiOjE3ODI5NTc0MTgsImp0aSI6ImFlYjM1MDdlLTc3NzgtNGMzMC1iZjFlLWEwMTNlNDQzMzQ5MCIsImFjY291bnQiOiJsaXV0b25nMTAiLCJ1c2VybmFtZSI6IjEzNjIyMDM0MTg2OjE6dHNfcGxhdGZvcm0ifQ.64Syxomnph6YxLlPOvIt0duQjAJOFdO94JkzkV0ZVzw @ https://test-admin.aitojoy.com/assets/index-DMj-PgM1.js:296
[    1263ms] [LOG] router.beforeEach, 有token @ https://test-admin.aitojoy.com/assets/index-DMj-PgM1.js:296
[    1263ms] [LOG] has token else---- @ https://test-admin.aitojoy.com/assets/index-DMj-PgM1.js:296
[   49734ms] [LOG] getToken()------ eyJhbGciOiJIUzI1NiIsInR5cCI6IkpXVCJ9.eyJhcHAiOm51bGwsInVzZXJfbmFtZSI6IjEzNjIyMDM0MTg2OjE6dHNfcGxhdGZvcm0iLCJtb2JpbGUiOiIxMzYyMjAzNDE4NiIsInNvdXJjZSI6IjUwIiwidXNlcklkIjoiZGU2MWIyNTA4OWFjOWQ1NDhlOGFiYjY5ZDZlZDc3YmYiLCJwbGF0Zm9ybSI6InRzX3BsYXRmb3JtIiwiY2xpZW50X2lkIjoidG9qb3kiLCJzY29wZSI6WyJhbGwiXSwibmFtZSI6ImxpdXRvbmcxMCIsImNsaWVudCI6IjEiLCJleHAiOjE3ODI5NTc0MTgsImp0aSI6ImFlYjM1MDdlLTc3NzgtNGMzMC1iZjFlLWEwMTNlNDQzMzQ5MCIsImFjY291bnQiOiJsaXV0b25nMTAiLCJ1c2VybmFtZSI6IjEzNjIyMDM0MTg2OjE6dHNfcGxhdGZvcm0ifQ.64Syxomnph6YxLlPOvIt0duQjAJOFdO94JkzkV0ZVzw @ https://test-admin.aitojoy.com/assets/index-DMj-PgM1.js:296
[   49734ms] [LOG] router.beforeEach, 有token @ https://test-admin.aitojoy.com/assets/index-DMj-PgM1.js:296
[   49734ms] [LOG] has token else---- @ https://test-admin.aitojoy.com/assets/index-DMj-PgM1.js:296
[   49735ms] [LOG] getToken()------ eyJhbGciOiJIUzI1NiIsInR5cCI6IkpXVCJ9.eyJhcHAiOm51bGwsInVzZXJfbmFtZSI6IjEzNjIyMDM0MTg2OjE6dHNfcGxhdGZvcm0iLCJtb2JpbGUiOiIxMzYyMjAzNDE4NiIsInNvdXJjZSI6IjUwIiwidXNlcklkIjoiZGU2MWIyNTA4OWFjOWQ1NDhlOGFiYjY5ZDZlZDc3YmYiLCJwbGF0Zm9ybSI6InRzX3BsYXRmb3JtIiwiY2xpZW50X2lkIjoidG9qb3kiLCJzY29wZSI6WyJhbGwiXSwibmFtZSI6ImxpdXRvbmcxMCIsImNsaWVudCI6IjEiLCJleHAiOjE3ODI5NTc0MTgsImp0aSI6ImFlYjM1MDdlLTc3NzgtNGMzMC1iZjFlLWEwMTNlNDQzMzQ5MCIsImFjY291bnQiOiJsaXV0b25nMTAiLCJ1c2VybmFtZSI6IjEzNjIyMDM0MTg2OjE6dHNfcGxhdGZvcm0ifQ.64Syxomnph6YxLlPOvIt0duQjAJOFdO94JkzkV0ZVzw @ https://test-admin.aitojoy.com/assets/index-DMj-PgM1.js:296
[   49735ms] [LOG] router.beforeEach, 有token @ https://test-admin.aitojoy.com/assets/index-DMj-PgM1.js:296
[   49735ms] [LOG] has token else---- @ https://test-admin.aitojoy.com/assets/index-DMj-PgM1.js:296
[   50064ms] [LOG] [Object, Object, Object, Object] @ https://test-admin.aitojoy.com/assets/index-DMj-PgM1.js:296
[   50098ms] [LOG] getToken()------ eyJhbGciOiJIUzI1NiIsInR5cCI6IkpXVCJ9.eyJhcHAiOm51bGwsInVzZXJfbmFtZSI6IjEzNjIyMDM0MTg2OjE6dHNfcGxhdGZvcm0iLCJtb2JpbGUiOiIxMzYyMjAzNDE4NiIsInNvdXJjZSI6IjUwIiwidXNlcklkIjoiZGU2MWIyNTA4OWFjOWQ1NDhlOGFiYjY5ZDZlZDc3YmYiLCJwbGF0Zm9ybSI6InRzX3BsYXRmb3JtIiwiY2xpZW50X2lkIjoidG9qb3kiLCJzY29wZSI6WyJhbGwiXSwibmFtZSI6ImxpdXRvbmcxMCIsImNsaWVudCI6IjEiLCJleHAiOjE3ODI5NTc0MTgsImp0aSI6ImFlYjM1MDdlLTc3NzgtNGMzMC1iZjFlLWEwMTNlNDQzMzQ5MCIsImFjY291bnQiOiJsaXV0b25nMTAiLCJ1c2VybmFtZSI6IjEzNjIyMDM0MTg2OjE6dHNfcGxhdGZvcm0ifQ.64Syxomnph6YxLlPOvIt0duQjAJOFdO94JkzkV0ZVzw @ https://test-admin.aitojoy.com/assets/index-DMj-PgM1.js:296
[   50098ms] [LOG] router.beforeEach, 有token @ https://test-admin.aitojoy.com/assets/index-DMj-PgM1.js:296
[   50098ms] [LOG] has token else---- @ https://test-admin.aitojoy.com/assets/index-DMj-PgM1.js:296
[   53076ms] [LOG] getToken()------ eyJhbGciOiJIUzI1NiIsInR5cCI6IkpXVCJ9.eyJhcHAiOm51bGwsInVzZXJfbmFtZSI6IjEzNjIyMDM0MTg2OjE6dHNfcGxhdGZvcm0iLCJtb2JpbGUiOiIxMzYyMjAzNDE4NiIsInNvdXJjZSI6IjUwIiwidXNlcklkIjoiZGU2MWIyNTA4OWFjOWQ1NDhlOGFiYjY5ZDZlZDc3YmYiLCJwbGF0Zm9ybSI6InRzX3BsYXRmb3JtIiwiY2xpZW50X2lkIjoidG9qb3kiLCJzY29wZSI6WyJhbGwiXSwibmFtZSI6ImxpdXRvbmcxMCIsImNsaWVudCI6IjEiLCJleHAiOjE3ODI5NTc0MTgsImp0aSI6ImFlYjM1MDdlLTc3NzgtNGMzMC1iZjFlLWEwMTNlNDQzMzQ5MCIsImFjY291bnQiOiJsaXV0b25nMTAiLCJ1c2VybmFtZSI6IjEzNjIyMDM0MTg2OjE6dHNfcGxhdGZvcm0ifQ.64Syxomnph6YxLlPOvIt0duQjAJOFdO94JkzkV0ZVzw @ https://test-admin.aitojoy.com/assets/index-DMj-PgM1.js:296
[   53076ms] [LOG] router.beforeEach, 有token @ https://test-admin.aitojoy.com/assets/index-DMj-PgM1.js:296
[   53077ms] [LOG] has token else---- @ https://test-admin.aitojoy.com/assets/index-DMj-PgM1.js:296
[   53077ms] [LOG] getToken()------ eyJhbGciOiJIUzI1NiIsInR5cCI6IkpXVCJ9.eyJhcHAiOm51bGwsInVzZXJfbmFtZSI6IjEzNjIyMDM0MTg2OjE6dHNfcGxhdGZvcm0iLCJtb2JpbGUiOiIxMzYyMjAzNDE4NiIsInNvdXJjZSI6IjUwIiwidXNlcklkIjoiZGU2MWIyNTA4OWFjOWQ1NDhlOGFiYjY5ZDZlZDc3YmYiLCJwbGF0Zm9ybSI6InRzX3BsYXRmb3JtIiwiY2xpZW50X2lkIjoidG9qb3kiLCJzY29wZSI6WyJhbGwiXSwibmFtZSI6ImxpdXRvbmcxMCIsImNsaWVudCI6IjEiLCJleHAiOjE3ODI5NTc0MTgsImp0aSI6ImFlYjM1MDdlLTc3NzgtNGMzMC1iZjFlLWEwMTNlNDQzMzQ5MCIsImFjY291bnQiOiJsaXV0b25nMTAiLCJ1c2VybmFtZSI6IjEzNjIyMDM0MTg2OjE6dHNfcGxhdGZvcm0ifQ.64Syxomnph6YxLlPOvIt0duQjAJOFdO94JkzkV0ZVzw @ https://test-admin.aitojoy.com/assets/index-DMj-PgM1.js:296
[   53077ms] [LOG] router.beforeEach, 有token @ https://test-admin.aitojoy.com/assets/index-DMj-PgM1.js:296
[   53077ms] [LOG] has token else---- @ https://test-admin.aitojoy.com/assets/index-DMj-PgM1.js:296
[   55153ms] [LOG] null savedActiveName 1 @ https://test-admin.aitojoy.com/assets/index-DMj-PgM1.js:296
[   55197ms] [LOG] getToken()------ eyJhbGciOiJIUzI1NiIsInR5cCI6IkpXVCJ9.eyJhcHAiOm51bGwsInVzZXJfbmFtZSI6IjEzNjIyMDM0MTg2OjE6dHNfcGxhdGZvcm0iLCJtb2JpbGUiOiIxMzYyMjAzNDE4NiIsInNvdXJjZSI6IjUwIiwidXNlcklkIjoiZGU2MWIyNTA4OWFjOWQ1NDhlOGFiYjY5ZDZlZDc3YmYiLCJwbGF0Zm9ybSI6InRzX3BsYXRmb3JtIiwiY2xpZW50X2lkIjoidG9qb3kiLCJzY29wZSI6WyJhbGwiXSwibmFtZSI6ImxpdXRvbmcxMCIsImNsaWVudCI6IjEiLCJleHAiOjE3ODI5NTc0MTgsImp0aSI6ImFlYjM1MDdlLTc3NzgtNGMzMC1iZjFlLWEwMTNlNDQzMzQ5MCIsImFjY291bnQiOiJsaXV0b25nMTAiLCJ1c2VybmFtZSI6IjEzNjIyMDM0MTg2OjE6dHNfcGxhdGZvcm0ifQ.64Syxomnph6YxLlPOvIt0duQjAJOFdO94JkzkV0ZVzw @ https://test-admin.aitojoy.com/assets/index-DMj-PgM1.js:296
[   55197ms] [LOG] router.beforeEach, 有token @ https://test-admin.aitojoy.com/assets/index-DMj-PgM1.js:296
[   55197ms] [LOG] has token else---- @ https://test-admin.aitojoy.com/assets/index-DMj-PgM1.js:296
[   55453ms] [LOG] err @ https://test-admin.aitojoy.com/assets/index-DMj-PgM1.js:296
[   56073ms] [LOG] params {refConferenceNo: undefined, archiveStatus: undefined, pageNo: 1, pageSize: 10, queryTab: 1} @ https://test-admin.aitojoy.com/assets/index-DMj-PgM1.js:296
[  192354ms] [LOG] params {refConferenceNo: undefined, archiveStatus: undefined, pageNo: 1, pageSize: 10, queryTab: 1} @ https://test-admin.aitojoy.com/assets/index-DMj-PgM1.js:296
[  226694ms] [LOG] params {refConferenceNo: undefined, archiveStatus: undefined, pageNo: 1, pageSize: 10, queryTab: 1} @ https://test-admin.aitojoy.com/assets/index-DMj-PgM1.js:296
[  384291ms] [LOG] params {refConferenceNo: undefined, archiveStatus: undefined, pageNo: 1, pageSize: 10, queryTab: 1} @ https://test-admin.aitojoy.com/assets/index-DMj-PgM1.js:296
[  412526ms] [LOG] params {refConferenceNo: undefined, archiveStatus: undefined, pageNo: 1, pageSize: 10, queryTab: 1} @ https://test-admin.aitojoy.com/assets/index-DMj-PgM1.js:296
[  439910ms] [LOG] params {refConferenceNo: undefined, archiveStatus: undefined, pageNo: 1, pageSize: 10, queryTab: 1} @ https://test-admin.aitojoy.com/assets/index-DMj-PgM1.js:296
